24.4: 12/02/2022 14:44:49.321 [be.lmenten.utils.app.fx.FxApplication.init] - [FINER] - Installing log source filter
28.5: 12/02/2022 14:44:49.331 [be.lmenten.utils.app.fx.FxApplication.start] - [FINE] - FxApplication.start() ...
28.257: 12/02/2022 14:44:49.797 [be.lmenten.utils.app.fx.FxApplication.logRuntimeInformation] - [CONFIG] - Operating system: Windows 10 (10.0) amd64
28.258: 12/02/2022 14:44:49.798 [be.lmenten.utils.app.fx.FxApplication.logRuntimeInformation] - [CONFIG] - Java VM: Java HotSpot(TM) 64-Bit Server VM (17.0.1+12-LTS-39) mixed mode, sharing
28.259: 12/02/2022 14:44:49.800 [be.lmenten.utils.app.fx.FxApplication.logRuntimeInformation] - [CONFIG] - Java runtime: Java(TM) SE Runtime Environment (17.0.1+12-LTS-39)
28.260: 12/02/2022 14:44:49.801 [be.lmenten.utils.app.fx.FxApplication.logRuntimeInformation] - [CONFIG] - JavaFX runtime: 17.0.1 (17.0.1+1)
28.261: 12/02/2022 14:44:49.807 [be.lmenten.utils.app.fx.FxApplication.logRuntimeInformation] - [CONFIG] - App version: 1.0.1-ea0-1-devel (build 1, 2022-01-16T16:22:04)
28.262: 12/02/2022 14:44:49.807 [be.lmenten.utils.app.fx.FxApplication.logRuntimeInformation] - [CONFIG] - Running from JAR: Yes
28.263: 12/02/2022 14:44:49.808 [be.lmenten.utils.app.fx.FxApplication.logRuntimeInformation] - [CONFIG] - Debug mode: ENABLED
28.264: 12/02/2022 14:44:49.808 [be.lmenten.utils.app.fx.FxApplication.logRuntimeInformation] - [CONFIG] - Log output style: Ansi
28.265: 12/02/2022 14:44:49.809 [be.lmenten.utils.app.fx.FxApplication.logRuntimeInformation] - [CONFIG] - Log level: All
28.266: 12/02/2022 14:44:49.809 [be.lmenten.utils.app.fx.FxApplication.logRuntimeInformation] - [CONFIG] - Log filter: be.lmenten.*
28.267: 12/02/2022 14:44:49.809 [be.lmenten.utils.app.fx.FxApplication.logRuntimeInformation] - [CONFIG] - Log file: .\logs\AvrAssemblerStudio-20220212-144449.log
28.268: 12/02/2022 14:44:49.812 [be.lmenten.utils.app.fx.FxApplication.logRuntimeInformation] - [CONFIG] - Keep logfile: true
28.269: 12/02/2022 14:44:49.813 [be.lmenten.utils.app.fx.FxApplication.logRuntimeInformation] - [CONFIG] - Show log window: true
28.270: 12/02/2022 14:44:49.813 [be.lmenten.utils.app.fx.FxApplication.logRuntimeInformation] - [CONFIG] - Show exception window: true
28.271: 12/02/2022 14:44:49.814 [be.lmenten.utils.app.fx.FxApplication.logRuntimeInformation] - [CONFIG] - Locale: en_GB
28.272: 12/02/2022 14:44:49.815 [be.lmenten.avr.simulator.AvrAssemblerStudio.start] - [INFO] - Application running ...
28.12179: 12/02/2022 14:45:09.185 [be.lmenten.avr.core.instruction.InstructionSet.init] - [INFO] - Initializing InstructionSet
28.12180: 12/02/2022 14:45:09.186 [be.lmenten.avr.core.instruction.InstructionSet.init] - [FINER] - Processing instruction ADC
28.12181: 12/02/2022 14:45:09.192 [be.lmenten.avr.core.instruction.InstructionSet.processOpcode] - [FINEST] -    0001 11rd dddd rrrr --> 0x1C00 0xFC00 ( 6 bits)   
28.12182: 12/02/2022 14:45:09.193 [be.lmenten.avr.core.instruction.InstructionSet.lambda$processOpcode$0] - [FINEST] -       d : 0x01F0
28.12183: 12/02/2022 14:45:09.193 [be.lmenten.avr.core.instruction.InstructionSet.lambda$processOpcode$0] - [FINEST] -       r : 0x020F
28.12184: 12/02/2022 14:45:09.193 [be.lmenten.avr.core.instruction.InstructionSet.init] - [FINER] - Processing instruction ADD
28.12185: 12/02/2022 14:45:09.193 [be.lmenten.avr.core.instruction.InstructionSet.processOpcode] - [FINEST] -    0000 11rd dddd rrrr --> 0x0C00 0xFC00 ( 6 bits)   
28.12186: 12/02/2022 14:45:09.194 [be.lmenten.avr.core.instruction.InstructionSet.lambda$processOpcode$0] - [FINEST] -       d : 0x01F0
28.12187: 12/02/2022 14:45:09.194 [be.lmenten.avr.core.instruction.InstructionSet.lambda$processOpcode$0] - [FINEST] -       r : 0x020F
28.12188: 12/02/2022 14:45:09.194 [be.lmenten.avr.core.instruction.InstructionSet.init] - [FINER] - Processing instruction ADIW
28.12189: 12/02/2022 14:45:09.194 [be.lmenten.avr.core.instruction.InstructionSet.processOpcode] - [FINEST] -    1001 0110 KKdd KKKK --> 0x9600 0xFF00 ( 8 bits)   
28.12190: 12/02/2022 14:45:09.194 [be.lmenten.avr.core.instruction.InstructionSet.lambda$processOpcode$0] - [FINEST] -       K : 0x00CF
28.12191: 12/02/2022 14:45:09.194 [be.lmenten.avr.core.instruction.InstructionSet.lambda$processOpcode$0] - [FINEST] -       d : 0x0030
28.12192: 12/02/2022 14:45:09.195 [be.lmenten.avr.core.instruction.InstructionSet.init] - [FINER] - Processing instruction AND
28.12193: 12/02/2022 14:45:09.195 [be.lmenten.avr.core.instruction.InstructionSet.processOpcode] - [FINEST] -    0010 00rd dddd rrrr --> 0x2000 0xFC00 ( 6 bits)   
28.12194: 12/02/2022 14:45:09.195 [be.lmenten.avr.core.instruction.InstructionSet.lambda$processOpcode$0] - [FINEST] -       d : 0x01F0
28.12195: 12/02/2022 14:45:09.195 [be.lmenten.avr.core.instruction.InstructionSet.lambda$processOpcode$0] - [FINEST] -       r : 0x020F
28.12196: 12/02/2022 14:45:09.195 [be.lmenten.avr.core.instruction.InstructionSet.init] - [FINER] - Processing instruction ANDI
28.12197: 12/02/2022 14:45:09.195 [be.lmenten.avr.core.instruction.InstructionSet.processOpcode] - [FINEST] -    0111 KKKK dddd KKKK --> 0x7000 0xF000 ( 4 bits)   
28.12198: 12/02/2022 14:45:09.196 [be.lmenten.avr.core.instruction.InstructionSet.lambda$processOpcode$0] - [FINEST] -       K : 0x0F0F
28.12199: 12/02/2022 14:45:09.196 [be.lmenten.avr.core.instruction.InstructionSet.lambda$processOpcode$0] - [FINEST] -       d : 0x00F0
28.12200: 12/02/2022 14:45:09.196 [be.lmenten.avr.core.instruction.InstructionSet.init] - [FINER] - Processing instruction ASR
28.12201: 12/02/2022 14:45:09.196 [be.lmenten.avr.core.instruction.InstructionSet.processOpcode] - [FINEST] -    1001 010d dddd 0101 --> 0x9405 0xFE0F (11 bits)   
28.12202: 12/02/2022 14:45:09.196 [be.lmenten.avr.core.instruction.InstructionSet.lambda$processOpcode$0] - [FINEST] -       d : 0x01F0
28.12203: 12/02/2022 14:45:09.196 [be.lmenten.avr.core.instruction.InstructionSet.init] - [FINER] - Processing instruction BCLR
28.12204: 12/02/2022 14:45:09.196 [be.lmenten.avr.core.instruction.InstructionSet.processOpcode] - [FINEST] -    1001 0100 1sss 1000 --> 0x9488 0xFF8F (13 bits)   
28.12205: 12/02/2022 14:45:09.197 [be.lmenten.avr.core.instruction.InstructionSet.lambda$processOpcode$0] - [FINEST] -       s : 0x0070
28.12206: 12/02/2022 14:45:09.197 [be.lmenten.avr.core.instruction.InstructionSet.init] - [FINER] - Processing instruction BLD
28.12207: 12/02/2022 14:45:09.197 [be.lmenten.avr.core.instruction.InstructionSet.processOpcode] - [FINEST] -    1111 100d dddd 0bbb --> 0xF800 0xFE08 ( 8 bits)   
28.12208: 12/02/2022 14:45:09.197 [be.lmenten.avr.core.instruction.InstructionSet.lambda$processOpcode$0] - [FINEST] -       d : 0x01F0
28.12209: 12/02/2022 14:45:09.197 [be.lmenten.avr.core.instruction.InstructionSet.lambda$processOpcode$0] - [FINEST] -       b : 0x0007
28.12210: 12/02/2022 14:45:09.197 [be.lmenten.avr.core.instruction.InstructionSet.init] - [FINER] - Processing instruction BRBC
28.12211: 12/02/2022 14:45:09.197 [be.lmenten.avr.core.instruction.InstructionSet.processOpcode] - [FINEST] -    1111 01kk kkkk ksss --> 0xF400 0xFC00 ( 6 bits)   
28.12212: 12/02/2022 14:45:09.198 [be.lmenten.avr.core.instruction.InstructionSet.lambda$processOpcode$0] - [FINEST] -       s : 0x0007
28.12213: 12/02/2022 14:45:09.198 [be.lmenten.avr.core.instruction.InstructionSet.lambda$processOpcode$0] - [FINEST] -       k : 0x03F8
28.12214: 12/02/2022 14:45:09.198 [be.lmenten.avr.core.instruction.InstructionSet.init] - [FINER] - Processing instruction BRBS
28.12215: 12/02/2022 14:45:09.198 [be.lmenten.avr.core.instruction.InstructionSet.processOpcode] - [FINEST] -    1111 00kk kkkk ksss --> 0xF000 0xFC00 ( 6 bits)   
28.12216: 12/02/2022 14:45:09.198 [be.lmenten.avr.core.instruction.InstructionSet.lambda$processOpcode$0] - [FINEST] -       s : 0x0007
28.12217: 12/02/2022 14:45:09.198 [be.lmenten.avr.core.instruction.InstructionSet.lambda$processOpcode$0] - [FINEST] -       k : 0x03F8
28.12218: 12/02/2022 14:45:09.198 [be.lmenten.avr.core.instruction.InstructionSet.init] - [FINER] - Processing instruction BREAK
28.12219: 12/02/2022 14:45:09.198 [be.lmenten.avr.core.instruction.InstructionSet.processOpcode] - [FINEST] -    1001 0101 1001 1000 --> 0x9598 0xFFFF (16 bits)   
28.12220: 12/02/2022 14:45:09.198 [be.lmenten.avr.core.instruction.InstructionSet.init] - [FINER] - Processing instruction BRCC
28.12221: 12/02/2022 14:45:09.199 [be.lmenten.avr.core.instruction.InstructionSet.processOpcode] - [FINEST] -    1111 01kk kkkk k000 --> 0xF400 0xFC07 ( 9 bits)   [alias for null]
28.12222: 12/02/2022 14:45:09.199 [be.lmenten.avr.core.instruction.InstructionSet.lambda$processOpcode$0] - [FINEST] -       k : 0x03F8
28.12223: 12/02/2022 14:45:09.199 [be.lmenten.avr.core.instruction.InstructionSet.init] - [FINER] - Processing instruction BRCS
28.12224: 12/02/2022 14:45:09.199 [be.lmenten.avr.core.instruction.InstructionSet.processOpcode] - [FINEST] -    1111 00kk kkkk k000 --> 0xF000 0xFC07 ( 9 bits)   [alias for null]
28.12225: 12/02/2022 14:45:09.199 [be.lmenten.avr.core.instruction.InstructionSet.lambda$processOpcode$0] - [FINEST] -       k : 0x03F8
28.12226: 12/02/2022 14:45:09.199 [be.lmenten.avr.core.instruction.InstructionSet.init] - [FINER] - Processing instruction BREQ
28.12227: 12/02/2022 14:45:09.200 [be.lmenten.avr.core.instruction.InstructionSet.processOpcode] - [FINEST] -    1111 00kk kkkk k001 --> 0xF001 0xFC07 ( 9 bits)   [alias for null]
28.12228: 12/02/2022 14:45:09.200 [be.lmenten.avr.core.instruction.InstructionSet.lambda$processOpcode$0] - [FINEST] -       k : 0x03F8
28.12229: 12/02/2022 14:45:09.200 [be.lmenten.avr.core.instruction.InstructionSet.init] - [FINER] - Processing instruction BRGE
28.12230: 12/02/2022 14:45:09.201 [be.lmenten.avr.core.instruction.InstructionSet.processOpcode] - [FINEST] -    1111 01kk kkkk k100 --> 0xF404 0xFC07 ( 9 bits)   [alias for null]
28.12231: 12/02/2022 14:45:09.201 [be.lmenten.avr.core.instruction.InstructionSet.lambda$processOpcode$0] - [FINEST] -       k : 0x03F8
28.12232: 12/02/2022 14:45:09.201 [be.lmenten.avr.core.instruction.InstructionSet.init] - [FINER] - Processing instruction BRHC
28.12233: 12/02/2022 14:45:09.201 [be.lmenten.avr.core.instruction.InstructionSet.processOpcode] - [FINEST] -    1111 01kk kkkk k101 --> 0xF405 0xFC07 ( 9 bits)   [alias for null]
28.12234: 12/02/2022 14:45:09.201 [be.lmenten.avr.core.instruction.InstructionSet.lambda$processOpcode$0] - [FINEST] -       k : 0x03F8
28.12235: 12/02/2022 14:45:09.202 [be.lmenten.avr.core.instruction.InstructionSet.init] - [FINER] - Processing instruction BRHS
28.12236: 12/02/2022 14:45:09.202 [be.lmenten.avr.core.instruction.InstructionSet.processOpcode] - [FINEST] -    1111 00kk kkkk k101 --> 0xF005 0xFC07 ( 9 bits)   [alias for null]
28.12237: 12/02/2022 14:45:09.202 [be.lmenten.avr.core.instruction.InstructionSet.lambda$processOpcode$0] - [FINEST] -       k : 0x03F8
28.12238: 12/02/2022 14:45:09.202 [be.lmenten.avr.core.instruction.InstructionSet.init] - [FINER] - Processing instruction BRID
28.12239: 12/02/2022 14:45:09.202 [be.lmenten.avr.core.instruction.InstructionSet.processOpcode] - [FINEST] -    1111 01kk kkkk k111 --> 0xF407 0xFC07 ( 9 bits)   [alias for null]
28.12240: 12/02/2022 14:45:09.202 [be.lmenten.avr.core.instruction.InstructionSet.lambda$processOpcode$0] - [FINEST] -       k : 0x03F8
28.12241: 12/02/2022 14:45:09.202 [be.lmenten.avr.core.instruction.InstructionSet.init] - [FINER] - Processing instruction BRIE
28.12242: 12/02/2022 14:45:09.203 [be.lmenten.avr.core.instruction.InstructionSet.processOpcode] - [FINEST] -    1111 00kk kkkk k111 --> 0xF007 0xFC07 ( 9 bits)   [alias for null]
28.12243: 12/02/2022 14:45:09.203 [be.lmenten.avr.core.instruction.InstructionSet.lambda$processOpcode$0] - [FINEST] -       k : 0x03F8
28.12244: 12/02/2022 14:45:09.203 [be.lmenten.avr.core.instruction.InstructionSet.init] - [FINER] - Processing instruction BRLO
28.12245: 12/02/2022 14:45:09.203 [be.lmenten.avr.core.instruction.InstructionSet.processOpcode] - [FINEST] -    1111 00kk kkkk k000 --> 0xF000 0xFC07 ( 9 bits)   [alias for null]
28.12246: 12/02/2022 14:45:09.203 [be.lmenten.avr.core.instruction.InstructionSet.lambda$processOpcode$0] - [FINEST] -       k : 0x03F8
28.12247: 12/02/2022 14:45:09.203 [be.lmenten.avr.core.instruction.InstructionSet.init] - [FINER] - Processing instruction BRLT
28.12248: 12/02/2022 14:45:09.203 [be.lmenten.avr.core.instruction.InstructionSet.processOpcode] - [FINEST] -    1111 00kk kkkk k100 --> 0xF004 0xFC07 ( 9 bits)   [alias for null]
28.12249: 12/02/2022 14:45:09.204 [be.lmenten.avr.core.instruction.InstructionSet.lambda$processOpcode$0] - [FINEST] -       k : 0x03F8
28.12250: 12/02/2022 14:45:09.204 [be.lmenten.avr.core.instruction.InstructionSet.init] - [FINER] - Processing instruction BRMI
28.12251: 12/02/2022 14:45:09.204 [be.lmenten.avr.core.instruction.InstructionSet.processOpcode] - [FINEST] -    1111 00kk kkkk k010 --> 0xF002 0xFC07 ( 9 bits)   [alias for null]
28.12252: 12/02/2022 14:45:09.204 [be.lmenten.avr.core.instruction.InstructionSet.lambda$processOpcode$0] - [FINEST] -       k : 0x03F8
28.12253: 12/02/2022 14:45:09.204 [be.lmenten.avr.core.instruction.InstructionSet.init] - [FINER] - Processing instruction BRNE
28.12254: 12/02/2022 14:45:09.204 [be.lmenten.avr.core.instruction.InstructionSet.processOpcode] - [FINEST] -    1111 01kk kkkk k001 --> 0xF401 0xFC07 ( 9 bits)   [alias for null]
28.12255: 12/02/2022 14:45:09.205 [be.lmenten.avr.core.instruction.InstructionSet.lambda$processOpcode$0] - [FINEST] -       k : 0x03F8
28.12256: 12/02/2022 14:45:09.205 [be.lmenten.avr.core.instruction.InstructionSet.init] - [FINER] - Processing instruction BRPL
28.12257: 12/02/2022 14:45:09.205 [be.lmenten.avr.core.instruction.InstructionSet.processOpcode] - [FINEST] -    1111 01kk kkkk k010 --> 0xF402 0xFC07 ( 9 bits)   [alias for null]
28.12258: 12/02/2022 14:45:09.205 [be.lmenten.avr.core.instruction.InstructionSet.lambda$processOpcode$0] - [FINEST] -       k : 0x03F8
28.12259: 12/02/2022 14:45:09.205 [be.lmenten.avr.core.instruction.InstructionSet.init] - [FINER] - Processing instruction BRSH
28.12260: 12/02/2022 14:45:09.206 [be.lmenten.avr.core.instruction.InstructionSet.processOpcode] - [FINEST] -    1111 01kk kkkk k000 --> 0xF400 0xFC07 ( 9 bits)   [alias for null]
28.12261: 12/02/2022 14:45:09.206 [be.lmenten.avr.core.instruction.InstructionSet.lambda$processOpcode$0] - [FINEST] -       k : 0x03F8
28.12262: 12/02/2022 14:45:09.206 [be.lmenten.avr.core.instruction.InstructionSet.init] - [FINER] - Processing instruction BRTC
28.12263: 12/02/2022 14:45:09.207 [be.lmenten.avr.core.instruction.InstructionSet.processOpcode] - [FINEST] -    1111 01kk kkkk k110 --> 0xF406 0xFC07 ( 9 bits)   [alias for null]
28.12264: 12/02/2022 14:45:09.207 [be.lmenten.avr.core.instruction.InstructionSet.lambda$processOpcode$0] - [FINEST] -       k : 0x03F8
28.12265: 12/02/2022 14:45:09.207 [be.lmenten.avr.core.instruction.InstructionSet.init] - [FINER] - Processing instruction BRTS
28.12266: 12/02/2022 14:45:09.207 [be.lmenten.avr.core.instruction.InstructionSet.processOpcode] - [FINEST] -    1111 00kk kkkk k110 --> 0xF006 0xFC07 ( 9 bits)   [alias for null]
28.12267: 12/02/2022 14:45:09.207 [be.lmenten.avr.core.instruction.InstructionSet.lambda$processOpcode$0] - [FINEST] -       k : 0x03F8
28.12268: 12/02/2022 14:45:09.207 [be.lmenten.avr.core.instruction.InstructionSet.init] - [FINER] - Processing instruction BRVC
28.12269: 12/02/2022 14:45:09.207 [be.lmenten.avr.core.instruction.InstructionSet.processOpcode] - [FINEST] -    1111 01kk kkkk k011 --> 0xF403 0xFC07 ( 9 bits)   [alias for null]
28.12270: 12/02/2022 14:45:09.208 [be.lmenten.avr.core.instruction.InstructionSet.lambda$processOpcode$0] - [FINEST] -       k : 0x03F8
28.12271: 12/02/2022 14:45:09.208 [be.lmenten.avr.core.instruction.InstructionSet.init] - [FINER] - Processing instruction BRVS
28.12272: 12/02/2022 14:45:09.208 [be.lmenten.avr.core.instruction.InstructionSet.processOpcode] - [FINEST] -    1111 00kk kkkk k011 --> 0xF003 0xFC07 ( 9 bits)   [alias for null]
28.12273: 12/02/2022 14:45:09.208 [be.lmenten.avr.core.instruction.InstructionSet.lambda$processOpcode$0] - [FINEST] -       k : 0x03F8
28.12274: 12/02/2022 14:45:09.208 [be.lmenten.avr.core.instruction.InstructionSet.init] - [FINER] - Processing instruction BSET
28.12275: 12/02/2022 14:45:09.208 [be.lmenten.avr.core.instruction.InstructionSet.processOpcode] - [FINEST] -    1001 0100 0sss 1000 --> 0x9408 0xFF8F (13 bits)   
28.12276: 12/02/2022 14:45:09.208 [be.lmenten.avr.core.instruction.InstructionSet.lambda$processOpcode$0] - [FINEST] -       s : 0x0070
28.12277: 12/02/2022 14:45:09.208 [be.lmenten.avr.core.instruction.InstructionSet.init] - [FINER] - Processing instruction BST
28.12278: 12/02/2022 14:45:09.209 [be.lmenten.avr.core.instruction.InstructionSet.processOpcode] - [FINEST] -    1111 101r rrrr 0bbb --> 0xFA00 0xFE08 ( 8 bits)   
28.12279: 12/02/2022 14:45:09.209 [be.lmenten.avr.core.instruction.InstructionSet.lambda$processOpcode$0] - [FINEST] -       r : 0x01F0
28.12280: 12/02/2022 14:45:09.209 [be.lmenten.avr.core.instruction.InstructionSet.lambda$processOpcode$0] - [FINEST] -       b : 0x0007
28.12281: 12/02/2022 14:45:09.209 [be.lmenten.avr.core.instruction.InstructionSet.init] - [FINER] - Processing instruction CALL
28.12282: 12/02/2022 14:45:09.209 [be.lmenten.avr.core.instruction.InstructionSet.processOpcode] - [FINEST] -    1001 010k kkkk 111k + --> 0x940E 0xFE0E (10 bits)   
28.12283: 12/02/2022 14:45:09.209 [be.lmenten.avr.core.instruction.InstructionSet.lambda$processOpcode$0] - [FINEST] -       k : 0x01F1
28.12284: 12/02/2022 14:45:09.209 [be.lmenten.avr.core.instruction.InstructionSet.init] - [FINER] - Processing instruction CBI
28.12285: 12/02/2022 14:45:09.210 [be.lmenten.avr.core.instruction.InstructionSet.processOpcode] - [FINEST] -    1001 1000 AAAA Abbb --> 0x9800 0xFF00 ( 8 bits)   
28.12286: 12/02/2022 14:45:09.210 [be.lmenten.avr.core.instruction.InstructionSet.lambda$processOpcode$0] - [FINEST] -       A : 0x00F8
28.12287: 12/02/2022 14:45:09.210 [be.lmenten.avr.core.instruction.InstructionSet.lambda$processOpcode$0] - [FINEST] -       b : 0x0007
28.12288: 12/02/2022 14:45:09.210 [be.lmenten.avr.core.instruction.InstructionSet.init] - [FINER] - Processing instruction CBR
28.12289: 12/02/2022 14:45:09.210 [be.lmenten.avr.core.instruction.InstructionSet.processOpcode] - [FINEST] -    0111 KKKK dddd KKKK --> 0x7000 0xF000 ( 4 bits)   [alias for ANDI Rd, ($FF-K)]
28.12290: 12/02/2022 14:45:09.211 [be.lmenten.avr.core.instruction.InstructionSet.lambda$processOpcode$0] - [FINEST] -       K : 0x0F0F
28.12291: 12/02/2022 14:45:09.211 [be.lmenten.avr.core.instruction.InstructionSet.lambda$processOpcode$0] - [FINEST] -       d : 0x00F0
28.12292: 12/02/2022 14:45:09.211 [be.lmenten.avr.core.instruction.InstructionSet.init] - [FINER] - Processing instruction CLC
28.12293: 12/02/2022 14:45:09.211 [be.lmenten.avr.core.instruction.InstructionSet.processOpcode] - [FINEST] -    1001 0100 1000 1000 --> 0x9488 0xFFFF (16 bits)   [alias for BCLR 0]
28.12294: 12/02/2022 14:45:09.211 [be.lmenten.avr.core.instruction.InstructionSet.init] - [FINER] - Processing instruction CLH
28.12295: 12/02/2022 14:45:09.211 [be.lmenten.avr.core.instruction.InstructionSet.processOpcode] - [FINEST] -    1001 0100 1101 1000 --> 0x94D8 0xFFFF (16 bits)   [alias for BCLR 5]
28.12296: 12/02/2022 14:45:09.211 [be.lmenten.avr.core.instruction.InstructionSet.init] - [FINER] - Processing instruction CLI
28.12297: 12/02/2022 14:45:09.212 [be.lmenten.avr.core.instruction.InstructionSet.processOpcode] - [FINEST] -    1001 0100 1111 1000 --> 0x94F8 0xFFFF (16 bits)   [alias for BCLR 7]
28.12298: 12/02/2022 14:45:09.212 [be.lmenten.avr.core.instruction.InstructionSet.init] - [FINER] - Processing instruction CLN
28.12299: 12/02/2022 14:45:09.212 [be.lmenten.avr.core.instruction.InstructionSet.processOpcode] - [FINEST] -    1001 0100 1010 1000 --> 0x94A8 0xFFFF (16 bits)   [alias for BCLR 2]
28.12300: 12/02/2022 14:45:09.212 [be.lmenten.avr.core.instruction.InstructionSet.init] - [FINER] - Processing instruction CLR
28.12301: 12/02/2022 14:45:09.212 [be.lmenten.avr.core.instruction.InstructionSet.processOpcode] - [FINEST] -    0010 01rd dddd rrrr --> 0x2400 0xFC00 ( 6 bits)   [alias for EOR Rd, Rd]
28.12302: 12/02/2022 14:45:09.212 [be.lmenten.avr.core.instruction.InstructionSet.lambda$processOpcode$0] - [FINEST] -       d : 0x01F0
28.12303: 12/02/2022 14:45:09.212 [be.lmenten.avr.core.instruction.InstructionSet.lambda$processOpcode$0] - [FINEST] -       r : 0x020F
28.12304: 12/02/2022 14:45:09.212 [be.lmenten.avr.core.instruction.InstructionSet.init] - [FINER] - Processing instruction CLS
28.12305: 12/02/2022 14:45:09.213 [be.lmenten.avr.core.instruction.InstructionSet.processOpcode] - [FINEST] -    1001 0100 1100 1000 --> 0x94C8 0xFFFF (16 bits)   [alias for BCLR 4]
28.12306: 12/02/2022 14:45:09.213 [be.lmenten.avr.core.instruction.InstructionSet.init] - [FINER] - Processing instruction CLT
28.12307: 12/02/2022 14:45:09.213 [be.lmenten.avr.core.instruction.InstructionSet.processOpcode] - [FINEST] -    1001 0100 1110 1000 --> 0x94E8 0xFFFF (16 bits)   [alias for BCLR 6]
28.12308: 12/02/2022 14:45:09.213 [be.lmenten.avr.core.instruction.InstructionSet.init] - [FINER] - Processing instruction CLV
28.12309: 12/02/2022 14:45:09.213 [be.lmenten.avr.core.instruction.InstructionSet.processOpcode] - [FINEST] -    1001 0100 1011 1000 --> 0x94B8 0xFFFF (16 bits)   [alias for BCLR 3]
28.12310: 12/02/2022 14:45:09.213 [be.lmenten.avr.core.instruction.InstructionSet.init] - [FINER] - Processing instruction CLZ
28.12311: 12/02/2022 14:45:09.214 [be.lmenten.avr.core.instruction.InstructionSet.processOpcode] - [FINEST] -    1001 0100 1001 1000 --> 0x9498 0xFFFF (16 bits)   [alias for BCLR 1]
28.12312: 12/02/2022 14:45:09.214 [be.lmenten.avr.core.instruction.InstructionSet.init] - [FINER] - Processing instruction COM
28.12313: 12/02/2022 14:45:09.214 [be.lmenten.avr.core.instruction.InstructionSet.processOpcode] - [FINEST] -    1001 010d dddd 0000 --> 0x9400 0xFE0F (11 bits)   
28.12314: 12/02/2022 14:45:09.214 [be.lmenten.avr.core.instruction.InstructionSet.lambda$processOpcode$0] - [FINEST] -       d : 0x01F0
28.12315: 12/02/2022 14:45:09.214 [be.lmenten.avr.core.instruction.InstructionSet.init] - [FINER] - Processing instruction CP
28.12316: 12/02/2022 14:45:09.214 [be.lmenten.avr.core.instruction.InstructionSet.processOpcode] - [FINEST] -    0001 01rd dddd rrrr --> 0x1400 0xFC00 ( 6 bits)   
28.12317: 12/02/2022 14:45:09.214 [be.lmenten.avr.core.instruction.InstructionSet.lambda$processOpcode$0] - [FINEST] -       d : 0x01F0
28.12318: 12/02/2022 14:45:09.215 [be.lmenten.avr.core.instruction.InstructionSet.lambda$processOpcode$0] - [FINEST] -       r : 0x020F
28.12319: 12/02/2022 14:45:09.215 [be.lmenten.avr.core.instruction.InstructionSet.init] - [FINER] - Processing instruction CPC
28.12320: 12/02/2022 14:45:09.215 [be.lmenten.avr.core.instruction.InstructionSet.processOpcode] - [FINEST] -    0000 01rd dddd rrrr --> 0x0400 0xFC00 ( 6 bits)   
28.12321: 12/02/2022 14:45:09.215 [be.lmenten.avr.core.instruction.InstructionSet.lambda$processOpcode$0] - [FINEST] -       d : 0x01F0
28.12322: 12/02/2022 14:45:09.215 [be.lmenten.avr.core.instruction.InstructionSet.lambda$processOpcode$0] - [FINEST] -       r : 0x020F
28.12323: 12/02/2022 14:45:09.215 [be.lmenten.avr.core.instruction.InstructionSet.init] - [FINER] - Processing instruction CPI
28.12324: 12/02/2022 14:45:09.215 [be.lmenten.avr.core.instruction.InstructionSet.processOpcode] - [FINEST] -    0011 KKKK dddd KKKK --> 0x3000 0xF000 ( 4 bits)   
28.12325: 12/02/2022 14:45:09.215 [be.lmenten.avr.core.instruction.InstructionSet.lambda$processOpcode$0] - [FINEST] -       K : 0x0F0F
28.12326: 12/02/2022 14:45:09.215 [be.lmenten.avr.core.instruction.InstructionSet.lambda$processOpcode$0] - [FINEST] -       d : 0x00F0
28.12327: 12/02/2022 14:45:09.215 [be.lmenten.avr.core.instruction.InstructionSet.init] - [FINER] - Processing instruction CPSE
28.12328: 12/02/2022 14:45:09.216 [be.lmenten.avr.core.instruction.InstructionSet.processOpcode] - [FINEST] -    0001 00rd dddd rrrr --> 0x1000 0xFC00 ( 6 bits)   
28.12329: 12/02/2022 14:45:09.216 [be.lmenten.avr.core.instruction.InstructionSet.lambda$processOpcode$0] - [FINEST] -       d : 0x01F0
28.12330: 12/02/2022 14:45:09.216 [be.lmenten.avr.core.instruction.InstructionSet.lambda$processOpcode$0] - [FINEST] -       r : 0x020F
28.12331: 12/02/2022 14:45:09.216 [be.lmenten.avr.core.instruction.InstructionSet.init] - [FINER] - Processing instruction DEC
28.12332: 12/02/2022 14:45:09.216 [be.lmenten.avr.core.instruction.InstructionSet.processOpcode] - [FINEST] -    1001 010d dddd 1010 --> 0x940A 0xFE0F (11 bits)   
28.12333: 12/02/2022 14:45:09.216 [be.lmenten.avr.core.instruction.InstructionSet.lambda$processOpcode$0] - [FINEST] -       d : 0x01F0
28.12334: 12/02/2022 14:45:09.216 [be.lmenten.avr.core.instruction.InstructionSet.init] - [FINER] - Processing instruction DES
28.12335: 12/02/2022 14:45:09.216 [be.lmenten.avr.core.instruction.InstructionSet.processOpcode] - [FINEST] -    1001 0100 KKKK 1011 --> 0x940B 0xFF0F (12 bits)   
28.12336: 12/02/2022 14:45:09.216 [be.lmenten.avr.core.instruction.InstructionSet.lambda$processOpcode$0] - [FINEST] -       K : 0x00F0
28.12337: 12/02/2022 14:45:09.216 [be.lmenten.avr.core.instruction.InstructionSet.init] - [FINER] - Processing instruction EICALL
28.12338: 12/02/2022 14:45:09.217 [be.lmenten.avr.core.instruction.InstructionSet.processOpcode] - [FINEST] -    1001 0101 0001 1001 --> 0x9519 0xFFFF (16 bits)   
28.12339: 12/02/2022 14:45:09.217 [be.lmenten.avr.core.instruction.InstructionSet.init] - [FINER] - Processing instruction EIJMP
28.12340: 12/02/2022 14:45:09.217 [be.lmenten.avr.core.instruction.InstructionSet.processOpcode] - [FINEST] -    1001 0100 0001 1001 --> 0x9419 0xFFFF (16 bits)   
28.12341: 12/02/2022 14:45:09.217 [be.lmenten.avr.core.instruction.InstructionSet.init] - [FINER] - Processing instruction ELPM
28.12342: 12/02/2022 14:45:09.217 [be.lmenten.avr.core.instruction.InstructionSet.processOpcode] - [FINEST] -    1001 0101 1101 1000 --> 0x95D8 0xFFFF (16 bits)   
28.12343: 12/02/2022 14:45:09.217 [be.lmenten.avr.core.instruction.InstructionSet.init] - [FINER] - Processing instruction ELPM_Rd
28.12344: 12/02/2022 14:45:09.218 [be.lmenten.avr.core.instruction.InstructionSet.processOpcode] - [FINEST] -    1001 000d dddd 011x --> 0x9006 0xFE0E (10 bits)   
28.12345: 12/02/2022 14:45:09.218 [be.lmenten.avr.core.instruction.InstructionSet.lambda$processOpcode$0] - [FINEST] -       d : 0x01F0
28.12346: 12/02/2022 14:45:09.218 [be.lmenten.avr.core.instruction.InstructionSet.lambda$processOpcode$0] - [FINEST] -       x : 0x0001
28.12347: 12/02/2022 14:45:09.218 [be.lmenten.avr.core.instruction.InstructionSet.init] - [FINER] - Processing instruction EOR
28.12348: 12/02/2022 14:45:09.218 [be.lmenten.avr.core.instruction.InstructionSet.processOpcode] - [FINEST] -    0010 01rd dddd rrrr --> 0x2400 0xFC00 ( 6 bits)   
28.12349: 12/02/2022 14:45:09.218 [be.lmenten.avr.core.instruction.InstructionSet.lambda$processOpcode$0] - [FINEST] -       d : 0x01F0
28.12350: 12/02/2022 14:45:09.218 [be.lmenten.avr.core.instruction.InstructionSet.lambda$processOpcode$0] - [FINEST] -       r : 0x020F
28.12351: 12/02/2022 14:45:09.218 [be.lmenten.avr.core.instruction.InstructionSet.init] - [FINER] - Processing instruction FMUL
28.12352: 12/02/2022 14:45:09.218 [be.lmenten.avr.core.instruction.InstructionSet.processOpcode] - [FINEST] -    0000 0011 0ddd 1rrr --> 0x0308 0xFF88 (10 bits)   
28.12353: 12/02/2022 14:45:09.219 [be.lmenten.avr.core.instruction.InstructionSet.lambda$processOpcode$0] - [FINEST] -       d : 0x0070
28.12354: 12/02/2022 14:45:09.219 [be.lmenten.avr.core.instruction.InstructionSet.lambda$processOpcode$0] - [FINEST] -       r : 0x0007
28.12355: 12/02/2022 14:45:09.219 [be.lmenten.avr.core.instruction.InstructionSet.init] - [FINER] - Processing instruction FMULS
28.12356: 12/02/2022 14:45:09.219 [be.lmenten.avr.core.instruction.InstructionSet.processOpcode] - [FINEST] -    0000 0011 1ddd 0rrr --> 0x0380 0xFF88 (10 bits)   
28.12357: 12/02/2022 14:45:09.219 [be.lmenten.avr.core.instruction.InstructionSet.lambda$processOpcode$0] - [FINEST] -       d : 0x0070
28.12358: 12/02/2022 14:45:09.219 [be.lmenten.avr.core.instruction.InstructionSet.lambda$processOpcode$0] - [FINEST] -       r : 0x0007
28.12359: 12/02/2022 14:45:09.219 [be.lmenten.avr.core.instruction.InstructionSet.init] - [FINER] - Processing instruction FMULSU
28.12360: 12/02/2022 14:45:09.219 [be.lmenten.avr.core.instruction.InstructionSet.processOpcode] - [FINEST] -    0000 0011 1ddd 1rrr --> 0x0388 0xFF88 (10 bits)   
28.12361: 12/02/2022 14:45:09.220 [be.lmenten.avr.core.instruction.InstructionSet.lambda$processOpcode$0] - [FINEST] -       d : 0x0070
28.12362: 12/02/2022 14:45:09.220 [be.lmenten.avr.core.instruction.InstructionSet.lambda$processOpcode$0] - [FINEST] -       r : 0x0007
28.12363: 12/02/2022 14:45:09.220 [be.lmenten.avr.core.instruction.InstructionSet.init] - [FINER] - Processing instruction ICALL
28.12364: 12/02/2022 14:45:09.220 [be.lmenten.avr.core.instruction.InstructionSet.processOpcode] - [FINEST] -    1001 0101 0000 1001 --> 0x9509 0xFFFF (16 bits)   
28.12365: 12/02/2022 14:45:09.220 [be.lmenten.avr.core.instruction.InstructionSet.init] - [FINER] - Processing instruction IJMP
28.12366: 12/02/2022 14:45:09.220 [be.lmenten.avr.core.instruction.InstructionSet.processOpcode] - [FINEST] -    1001 0100 0000 1001 --> 0x9409 0xFFFF (16 bits)   
28.12367: 12/02/2022 14:45:09.220 [be.lmenten.avr.core.instruction.InstructionSet.init] - [FINER] - Processing instruction IN
28.12368: 12/02/2022 14:45:09.220 [be.lmenten.avr.core.instruction.InstructionSet.processOpcode] - [FINEST] -    1011 0AAd dddd AAAA --> 0xB000 0xF800 ( 5 bits)   
28.12369: 12/02/2022 14:45:09.220 [be.lmenten.avr.core.instruction.InstructionSet.lambda$processOpcode$0] - [FINEST] -       d : 0x01F0
28.12370: 12/02/2022 14:45:09.220 [be.lmenten.avr.core.instruction.InstructionSet.lambda$processOpcode$0] - [FINEST] -       A : 0x060F
28.12371: 12/02/2022 14:45:09.220 [be.lmenten.avr.core.instruction.InstructionSet.init] - [FINER] - Processing instruction INC
28.12372: 12/02/2022 14:45:09.221 [be.lmenten.avr.core.instruction.InstructionSet.processOpcode] - [FINEST] -    1001 010d dddd 0011 --> 0x9403 0xFE0F (11 bits)   
28.12373: 12/02/2022 14:45:09.221 [be.lmenten.avr.core.instruction.InstructionSet.lambda$processOpcode$0] - [FINEST] -       d : 0x01F0
28.12374: 12/02/2022 14:45:09.221 [be.lmenten.avr.core.instruction.InstructionSet.init] - [FINER] - Processing instruction JMP
28.12375: 12/02/2022 14:45:09.221 [be.lmenten.avr.core.instruction.InstructionSet.processOpcode] - [FINEST] -    1001 010k kkkk 110k + --> 0x940C 0xFE0E (10 bits)   
28.12376: 12/02/2022 14:45:09.221 [be.lmenten.avr.core.instruction.InstructionSet.lambda$processOpcode$0] - [FINEST] -       k : 0x01F1
28.12377: 12/02/2022 14:45:09.221 [be.lmenten.avr.core.instruction.InstructionSet.init] - [FINER] - Processing instruction LAC
28.12378: 12/02/2022 14:45:09.221 [be.lmenten.avr.core.instruction.InstructionSet.processOpcode] - [FINEST] -    1001 001d dddd 0110 --> 0x9206 0xFE0F (11 bits)   
28.12379: 12/02/2022 14:45:09.221 [be.lmenten.avr.core.instruction.InstructionSet.lambda$processOpcode$0] - [FINEST] -       d : 0x01F0
28.12380: 12/02/2022 14:45:09.221 [be.lmenten.avr.core.instruction.InstructionSet.init] - [FINER] - Processing instruction LAS
28.12381: 12/02/2022 14:45:09.222 [be.lmenten.avr.core.instruction.InstructionSet.processOpcode] - [FINEST] -    1001 001d dddd 0101 --> 0x9205 0xFE0F (11 bits)   
28.12382: 12/02/2022 14:45:09.222 [be.lmenten.avr.core.instruction.InstructionSet.lambda$processOpcode$0] - [FINEST] -       d : 0x01F0
28.12383: 12/02/2022 14:45:09.222 [be.lmenten.avr.core.instruction.InstructionSet.init] - [FINER] - Processing instruction LAT
28.12384: 12/02/2022 14:45:09.222 [be.lmenten.avr.core.instruction.InstructionSet.processOpcode] - [FINEST] -    1001 001d dddd 0111 --> 0x9207 0xFE0F (11 bits)   
28.12385: 12/02/2022 14:45:09.222 [be.lmenten.avr.core.instruction.InstructionSet.lambda$processOpcode$0] - [FINEST] -       d : 0x01F0
28.12386: 12/02/2022 14:45:09.222 [be.lmenten.avr.core.instruction.InstructionSet.init] - [FINER] - Processing instruction LD
28.12387: 12/02/2022 14:45:09.222 [be.lmenten.avr.core.instruction.InstructionSet.processOpcode] - [FINEST] -    1001 000d dddd rrrr --> 0x9000 0xFE00 ( 7 bits)   [alias for ST X|X+|-X | Y+|-Y | Z+|-Z, Rd]
28.12388: 12/02/2022 14:45:09.223 [be.lmenten.avr.core.instruction.InstructionSet.lambda$processOpcode$0] - [FINEST] -       d : 0x01F0
28.12389: 12/02/2022 14:45:09.223 [be.lmenten.avr.core.instruction.InstructionSet.lambda$processOpcode$0] - [FINEST] -       r : 0x000F
28.12390: 12/02/2022 14:45:09.223 [be.lmenten.avr.core.instruction.InstructionSet.init] - [FINER] - Processing instruction LD_X
28.12391: 12/02/2022 14:45:09.223 [be.lmenten.avr.core.instruction.InstructionSet.processOpcode] - [FINEST] -    1001 000d dddd 1100 --> 0x900C 0xFE0F (11 bits)   
28.12392: 12/02/2022 14:45:09.223 [be.lmenten.avr.core.instruction.InstructionSet.lambda$processOpcode$0] - [FINEST] -       d : 0x01F0
28.12393: 12/02/2022 14:45:09.223 [be.lmenten.avr.core.instruction.InstructionSet.init] - [FINER] - Processing instruction LD_mX
28.12394: 12/02/2022 14:45:09.223 [be.lmenten.avr.core.instruction.InstructionSet.processOpcode] - [FINEST] -    1001 000d dddd 1110 --> 0x900E 0xFE0F (11 bits)   
28.12395: 12/02/2022 14:45:09.223 [be.lmenten.avr.core.instruction.InstructionSet.lambda$processOpcode$0] - [FINEST] -       d : 0x01F0
28.12396: 12/02/2022 14:45:09.223 [be.lmenten.avr.core.instruction.InstructionSet.init] - [FINER] - Processing instruction LD_Xp
28.12397: 12/02/2022 14:45:09.223 [be.lmenten.avr.core.instruction.InstructionSet.processOpcode] - [FINEST] -    1001 000d dddd 1101 --> 0x900D 0xFE0F (11 bits)   
28.12398: 12/02/2022 14:45:09.224 [be.lmenten.avr.core.instruction.InstructionSet.lambda$processOpcode$0] - [FINEST] -       d : 0x01F0
28.12399: 12/02/2022 14:45:09.224 [be.lmenten.avr.core.instruction.InstructionSet.init] - [FINER] - Processing instruction LD_mY
28.12400: 12/02/2022 14:45:09.224 [be.lmenten.avr.core.instruction.InstructionSet.processOpcode] - [FINEST] -    1001 000d dddd 1010 --> 0x900A 0xFE0F (11 bits)   
28.12401: 12/02/2022 14:45:09.224 [be.lmenten.avr.core.instruction.InstructionSet.lambda$processOpcode$0] - [FINEST] -       d : 0x01F0
28.12402: 12/02/2022 14:45:09.224 [be.lmenten.avr.core.instruction.InstructionSet.init] - [FINER] - Processing instruction LD_Yp
28.12403: 12/02/2022 14:45:09.224 [be.lmenten.avr.core.instruction.InstructionSet.processOpcode] - [FINEST] -    1001 000d dddd 1001 --> 0x9009 0xFE0F (11 bits)   
28.12404: 12/02/2022 14:45:09.224 [be.lmenten.avr.core.instruction.InstructionSet.lambda$processOpcode$0] - [FINEST] -       d : 0x01F0
28.12405: 12/02/2022 14:45:09.224 [be.lmenten.avr.core.instruction.InstructionSet.init] - [FINER] - Processing instruction LD_mZ
28.12406: 12/02/2022 14:45:09.224 [be.lmenten.avr.core.instruction.InstructionSet.processOpcode] - [FINEST] -    1001 000d dddd 0010 --> 0x9002 0xFE0F (11 bits)   
28.12407: 12/02/2022 14:45:09.224 [be.lmenten.avr.core.instruction.InstructionSet.lambda$processOpcode$0] - [FINEST] -       d : 0x01F0
28.12408: 12/02/2022 14:45:09.224 [be.lmenten.avr.core.instruction.InstructionSet.init] - [FINER] - Processing instruction LD_Zp
28.12409: 12/02/2022 14:45:09.225 [be.lmenten.avr.core.instruction.InstructionSet.processOpcode] - [FINEST] -    1001 000d dddd 0001 --> 0x9001 0xFE0F (11 bits)   
28.12410: 12/02/2022 14:45:09.225 [be.lmenten.avr.core.instruction.InstructionSet.lambda$processOpcode$0] - [FINEST] -       d : 0x01F0
28.12411: 12/02/2022 14:45:09.225 [be.lmenten.avr.core.instruction.InstructionSet.init] - [FINER] - Processing instruction LDD
28.12412: 12/02/2022 14:45:09.225 [be.lmenten.avr.core.instruction.InstructionSet.processOpcode] - [FINEST] -    10q0 qq0d dddd rqqq --> 0x8000 0xD200 ( 4 bits)   
28.12413: 12/02/2022 14:45:09.225 [be.lmenten.avr.core.instruction.InstructionSet.lambda$processOpcode$0] - [FINEST] -       d : 0x01F0
28.12414: 12/02/2022 14:45:09.225 [be.lmenten.avr.core.instruction.InstructionSet.lambda$processOpcode$0] - [FINEST] -       r : 0x0008
28.12415: 12/02/2022 14:45:09.225 [be.lmenten.avr.core.instruction.InstructionSet.lambda$processOpcode$0] - [FINEST] -       q : 0x2C07
28.12416: 12/02/2022 14:45:09.225 [be.lmenten.avr.core.instruction.InstructionSet.init] - [FINER] - Processing instruction LDI
28.12417: 12/02/2022 14:45:09.226 [be.lmenten.avr.core.instruction.InstructionSet.processOpcode] - [FINEST] -    1110 KKKK dddd KKKK --> 0xE000 0xF000 ( 4 bits)   
28.12418: 12/02/2022 14:45:09.226 [be.lmenten.avr.core.instruction.InstructionSet.lambda$processOpcode$0] - [FINEST] -       K : 0x0F0F
28.12419: 12/02/2022 14:45:09.226 [be.lmenten.avr.core.instruction.InstructionSet.lambda$processOpcode$0] - [FINEST] -       d : 0x00F0
28.12420: 12/02/2022 14:45:09.226 [be.lmenten.avr.core.instruction.InstructionSet.init] - [FINER] - Processing instruction LDS16
28.12421: 12/02/2022 14:45:09.226 [be.lmenten.avr.core.instruction.InstructionSet.processOpcode] - [FINEST] -    1010 0kkk dddd kkkk --> 0xA000 0xF800 ( 5 bits)   
28.12422: 12/02/2022 14:45:09.226 [be.lmenten.avr.core.instruction.InstructionSet.lambda$processOpcode$0] - [FINEST] -       d : 0x00F0
28.12423: 12/02/2022 14:45:09.226 [be.lmenten.avr.core.instruction.InstructionSet.lambda$processOpcode$0] - [FINEST] -       k : 0x070F
28.12424: 12/02/2022 14:45:09.226 [be.lmenten.avr.core.instruction.InstructionSet.init] - [FINER] - Processing instruction LDS
28.12425: 12/02/2022 14:45:09.226 [be.lmenten.avr.core.instruction.InstructionSet.processOpcode] - [FINEST] -    1001 000d dddd 0000 + --> 0x9000 0xFE0F (11 bits)   
28.12426: 12/02/2022 14:45:09.227 [be.lmenten.avr.core.instruction.InstructionSet.lambda$processOpcode$0] - [FINEST] -       d : 0x01F0
28.12427: 12/02/2022 14:45:09.227 [be.lmenten.avr.core.instruction.InstructionSet.init] - [FINER] - Processing instruction LPM
28.12428: 12/02/2022 14:45:09.227 [be.lmenten.avr.core.instruction.InstructionSet.processOpcode] - [FINEST] -    1001 0101 1100 1000 --> 0x95C8 0xFFFF (16 bits)   
28.12429: 12/02/2022 14:45:09.227 [be.lmenten.avr.core.instruction.InstructionSet.init] - [FINER] - Processing instruction LPM_Rd
28.12430: 12/02/2022 14:45:09.227 [be.lmenten.avr.core.instruction.InstructionSet.processOpcode] - [FINEST] -    1001 000d dddd 010x --> 0x9004 0xFE0E (10 bits)   
28.12431: 12/02/2022 14:45:09.227 [be.lmenten.avr.core.instruction.InstructionSet.lambda$processOpcode$0] - [FINEST] -       d : 0x01F0
28.12432: 12/02/2022 14:45:09.228 [be.lmenten.avr.core.instruction.InstructionSet.lambda$processOpcode$0] - [FINEST] -       x : 0x0001
28.12433: 12/02/2022 14:45:09.228 [be.lmenten.avr.core.instruction.InstructionSet.init] - [FINER] - Processing instruction LSL
28.12434: 12/02/2022 14:45:09.228 [be.lmenten.avr.core.instruction.InstructionSet.processOpcode] - [FINEST] -    0000 11rd dddd rrrr --> 0x0C00 0xFC00 ( 6 bits)   [alias for ADD Rd, Rd]
28.12435: 12/02/2022 14:45:09.228 [be.lmenten.avr.core.instruction.InstructionSet.lambda$processOpcode$0] - [FINEST] -       d : 0x01F0
28.12436: 12/02/2022 14:45:09.228 [be.lmenten.avr.core.instruction.InstructionSet.lambda$processOpcode$0] - [FINEST] -       r : 0x020F
28.12437: 12/02/2022 14:45:09.228 [be.lmenten.avr.core.instruction.InstructionSet.init] - [FINER] - Processing instruction LSR
28.12438: 12/02/2022 14:45:09.228 [be.lmenten.avr.core.instruction.InstructionSet.processOpcode] - [FINEST] -    1001 010d dddd 0110 --> 0x9406 0xFE0F (11 bits)   
28.12439: 12/02/2022 14:45:09.229 [be.lmenten.avr.core.instruction.InstructionSet.lambda$processOpcode$0] - [FINEST] -       d : 0x01F0
28.12440: 12/02/2022 14:45:09.229 [be.lmenten.avr.core.instruction.InstructionSet.init] - [FINER] - Processing instruction MOV
28.12441: 12/02/2022 14:45:09.229 [be.lmenten.avr.core.instruction.InstructionSet.processOpcode] - [FINEST] -    0010 11rd dddd rrrr --> 0x2C00 0xFC00 ( 6 bits)   
28.12442: 12/02/2022 14:45:09.229 [be.lmenten.avr.core.instruction.InstructionSet.lambda$processOpcode$0] - [FINEST] -       d : 0x01F0
28.12443: 12/02/2022 14:45:09.229 [be.lmenten.avr.core.instruction.InstructionSet.lambda$processOpcode$0] - [FINEST] -       r : 0x020F
28.12444: 12/02/2022 14:45:09.229 [be.lmenten.avr.core.instruction.InstructionSet.init] - [FINER] - Processing instruction MOVW
28.12445: 12/02/2022 14:45:09.229 [be.lmenten.avr.core.instruction.InstructionSet.processOpcode] - [FINEST] -    0000 0001 dddd rrrr --> 0x0100 0xFF00 ( 8 bits)   
28.12446: 12/02/2022 14:45:09.230 [be.lmenten.avr.core.instruction.InstructionSet.lambda$processOpcode$0] - [FINEST] -       d : 0x00F0
28.12447: 12/02/2022 14:45:09.230 [be.lmenten.avr.core.instruction.InstructionSet.lambda$processOpcode$0] - [FINEST] -       r : 0x000F
28.12448: 12/02/2022 14:45:09.230 [be.lmenten.avr.core.instruction.InstructionSet.init] - [FINER] - Processing instruction MUL
28.12449: 12/02/2022 14:45:09.230 [be.lmenten.avr.core.instruction.InstructionSet.processOpcode] - [FINEST] -    1001 11rd dddd rrrr --> 0x9C00 0xFC00 ( 6 bits)   
28.12450: 12/02/2022 14:45:09.230 [be.lmenten.avr.core.instruction.InstructionSet.lambda$processOpcode$0] - [FINEST] -       d : 0x01F0
28.12451: 12/02/2022 14:45:09.230 [be.lmenten.avr.core.instruction.InstructionSet.lambda$processOpcode$0] - [FINEST] -       r : 0x020F
28.12452: 12/02/2022 14:45:09.230 [be.lmenten.avr.core.instruction.InstructionSet.init] - [FINER] - Processing instruction MULS
28.12453: 12/02/2022 14:45:09.230 [be.lmenten.avr.core.instruction.InstructionSet.processOpcode] - [FINEST] -    0000 0010 dddd rrrr --> 0x0200 0xFF00 ( 8 bits)   
28.12454: 12/02/2022 14:45:09.230 [be.lmenten.avr.core.instruction.InstructionSet.lambda$processOpcode$0] - [FINEST] -       d : 0x00F0
28.12455: 12/02/2022 14:45:09.231 [be.lmenten.avr.core.instruction.InstructionSet.lambda$processOpcode$0] - [FINEST] -       r : 0x000F
28.12456: 12/02/2022 14:45:09.231 [be.lmenten.avr.core.instruction.InstructionSet.init] - [FINER] - Processing instruction MULSU
28.12457: 12/02/2022 14:45:09.231 [be.lmenten.avr.core.instruction.InstructionSet.processOpcode] - [FINEST] -    0000 0011 0ddd 0rrr --> 0x0300 0xFF88 (10 bits)   
28.12458: 12/02/2022 14:45:09.231 [be.lmenten.avr.core.instruction.InstructionSet.lambda$processOpcode$0] - [FINEST] -       d : 0x0070
28.12459: 12/02/2022 14:45:09.231 [be.lmenten.avr.core.instruction.InstructionSet.lambda$processOpcode$0] - [FINEST] -       r : 0x0007
28.12460: 12/02/2022 14:45:09.231 [be.lmenten.avr.core.instruction.InstructionSet.init] - [FINER] - Processing instruction NEG
28.12461: 12/02/2022 14:45:09.231 [be.lmenten.avr.core.instruction.InstructionSet.processOpcode] - [FINEST] -    1001 010d dddd 0001 --> 0x9401 0xFE0F (11 bits)   
28.12462: 12/02/2022 14:45:09.231 [be.lmenten.avr.core.instruction.InstructionSet.lambda$processOpcode$0] - [FINEST] -       d : 0x01F0
28.12463: 12/02/2022 14:45:09.231 [be.lmenten.avr.core.instruction.InstructionSet.init] - [FINER] - Processing instruction NOP
28.12464: 12/02/2022 14:45:09.231 [be.lmenten.avr.core.instruction.InstructionSet.processOpcode] - [FINEST] -    0000 0000 0000 0000 --> 0x0000 0xFFFF (16 bits)   
28.12465: 12/02/2022 14:45:09.231 [be.lmenten.avr.core.instruction.InstructionSet.init] - [FINER] - Processing instruction OR
28.12466: 12/02/2022 14:45:09.232 [be.lmenten.avr.core.instruction.InstructionSet.processOpcode] - [FINEST] -    0010 10rd dddd rrrr --> 0x2800 0xFC00 ( 6 bits)   
28.12467: 12/02/2022 14:45:09.232 [be.lmenten.avr.core.instruction.InstructionSet.lambda$processOpcode$0] - [FINEST] -       d : 0x01F0
28.12468: 12/02/2022 14:45:09.232 [be.lmenten.avr.core.instruction.InstructionSet.lambda$processOpcode$0] - [FINEST] -       r : 0x020F
28.12469: 12/02/2022 14:45:09.232 [be.lmenten.avr.core.instruction.InstructionSet.init] - [FINER] - Processing instruction ORI
28.12470: 12/02/2022 14:45:09.232 [be.lmenten.avr.core.instruction.InstructionSet.processOpcode] - [FINEST] -    0110 KKKK dddd KKKK --> 0x6000 0xF000 ( 4 bits)   
28.12471: 12/02/2022 14:45:09.232 [be.lmenten.avr.core.instruction.InstructionSet.lambda$processOpcode$0] - [FINEST] -       K : 0x0F0F
28.12472: 12/02/2022 14:45:09.232 [be.lmenten.avr.core.instruction.InstructionSet.lambda$processOpcode$0] - [FINEST] -       d : 0x00F0
28.12473: 12/02/2022 14:45:09.232 [be.lmenten.avr.core.instruction.InstructionSet.init] - [FINER] - Processing instruction OUT
28.12474: 12/02/2022 14:45:09.232 [be.lmenten.avr.core.instruction.InstructionSet.processOpcode] - [FINEST] -    1011 1AAr rrrr AAAA --> 0xB800 0xF800 ( 5 bits)   
28.12475: 12/02/2022 14:45:09.232 [be.lmenten.avr.core.instruction.InstructionSet.lambda$processOpcode$0] - [FINEST] -       A : 0x060F
28.12476: 12/02/2022 14:45:09.232 [be.lmenten.avr.core.instruction.InstructionSet.lambda$processOpcode$0] - [FINEST] -       r : 0x01F0
28.12477: 12/02/2022 14:45:09.232 [be.lmenten.avr.core.instruction.InstructionSet.init] - [FINER] - Processing instruction POP
28.12478: 12/02/2022 14:45:09.232 [be.lmenten.avr.core.instruction.InstructionSet.processOpcode] - [FINEST] -    1001 000d dddd 1111 --> 0x900F 0xFE0F (11 bits)   
28.12479: 12/02/2022 14:45:09.232 [be.lmenten.avr.core.instruction.InstructionSet.lambda$processOpcode$0] - [FINEST] -       d : 0x01F0
28.12480: 12/02/2022 14:45:09.233 [be.lmenten.avr.core.instruction.InstructionSet.init] - [FINER] - Processing instruction PUSH
28.12481: 12/02/2022 14:45:09.233 [be.lmenten.avr.core.instruction.InstructionSet.processOpcode] - [FINEST] -    1001 001r rrrr 1111 --> 0x920F 0xFE0F (11 bits)   
28.12482: 12/02/2022 14:45:09.233 [be.lmenten.avr.core.instruction.InstructionSet.lambda$processOpcode$0] - [FINEST] -       r : 0x01F0
28.12483: 12/02/2022 14:45:09.233 [be.lmenten.avr.core.instruction.InstructionSet.init] - [FINER] - Processing instruction RCALL
28.12484: 12/02/2022 14:45:09.233 [be.lmenten.avr.core.instruction.InstructionSet.processOpcode] - [FINEST] -    1101 kkkk kkkk kkkk --> 0xD000 0xF000 ( 4 bits)   
28.12485: 12/02/2022 14:45:09.233 [be.lmenten.avr.core.instruction.InstructionSet.lambda$processOpcode$0] - [FINEST] -       k : 0x0FFF
28.12486: 12/02/2022 14:45:09.233 [be.lmenten.avr.core.instruction.InstructionSet.init] - [FINER] - Processing instruction RET
28.12487: 12/02/2022 14:45:09.233 [be.lmenten.avr.core.instruction.InstructionSet.processOpcode] - [FINEST] -    1001 0101 0000 1000 --> 0x9508 0xFFFF (16 bits)   
28.12488: 12/02/2022 14:45:09.233 [be.lmenten.avr.core.instruction.InstructionSet.init] - [FINER] - Processing instruction RETI
28.12489: 12/02/2022 14:45:09.233 [be.lmenten.avr.core.instruction.InstructionSet.processOpcode] - [FINEST] -    1001 0101 0001 1000 --> 0x9518 0xFFFF (16 bits)   
28.12490: 12/02/2022 14:45:09.233 [be.lmenten.avr.core.instruction.InstructionSet.init] - [FINER] - Processing instruction RJMP
28.12491: 12/02/2022 14:45:09.233 [be.lmenten.avr.core.instruction.InstructionSet.processOpcode] - [FINEST] -    1100 kkkk kkkk kkkk --> 0xC000 0xF000 ( 4 bits)   
28.12492: 12/02/2022 14:45:09.234 [be.lmenten.avr.core.instruction.InstructionSet.lambda$processOpcode$0] - [FINEST] -       k : 0x0FFF
28.12493: 12/02/2022 14:45:09.234 [be.lmenten.avr.core.instruction.InstructionSet.init] - [FINER] - Processing instruction ROL
28.12494: 12/02/2022 14:45:09.234 [be.lmenten.avr.core.instruction.InstructionSet.processOpcode] - [FINEST] -    0001 11rd dddd rrrr --> 0x1C00 0xFC00 ( 6 bits)   [alias for ADC Rd, Rd]
28.12495: 12/02/2022 14:45:09.234 [be.lmenten.avr.core.instruction.InstructionSet.lambda$processOpcode$0] - [FINEST] -       d : 0x01F0
28.12496: 12/02/2022 14:45:09.234 [be.lmenten.avr.core.instruction.InstructionSet.lambda$processOpcode$0] - [FINEST] -       r : 0x020F
28.12497: 12/02/2022 14:45:09.234 [be.lmenten.avr.core.instruction.InstructionSet.init] - [FINER] - Processing instruction ROR
28.12498: 12/02/2022 14:45:09.234 [be.lmenten.avr.core.instruction.InstructionSet.processOpcode] - [FINEST] -    1001 010d dddd 0111 --> 0x9407 0xFE0F (11 bits)   
28.12499: 12/02/2022 14:45:09.234 [be.lmenten.avr.core.instruction.InstructionSet.lambda$processOpcode$0] - [FINEST] -       d : 0x01F0
28.12500: 12/02/2022 14:45:09.234 [be.lmenten.avr.core.instruction.InstructionSet.init] - [FINER] - Processing instruction SBC
28.12501: 12/02/2022 14:45:09.234 [be.lmenten.avr.core.instruction.InstructionSet.processOpcode] - [FINEST] -    0000 10rd dddd rrrr --> 0x0800 0xFC00 ( 6 bits)   
28.12502: 12/02/2022 14:45:09.234 [be.lmenten.avr.core.instruction.InstructionSet.lambda$processOpcode$0] - [FINEST] -       d : 0x01F0
28.12503: 12/02/2022 14:45:09.234 [be.lmenten.avr.core.instruction.InstructionSet.lambda$processOpcode$0] - [FINEST] -       r : 0x020F
28.12504: 12/02/2022 14:45:09.234 [be.lmenten.avr.core.instruction.InstructionSet.init] - [FINER] - Processing instruction SBCI
28.12505: 12/02/2022 14:45:09.235 [be.lmenten.avr.core.instruction.InstructionSet.processOpcode] - [FINEST] -    0100 KKKK dddd KKKK --> 0x4000 0xF000 ( 4 bits)   
28.12506: 12/02/2022 14:45:09.235 [be.lmenten.avr.core.instruction.InstructionSet.lambda$processOpcode$0] - [FINEST] -       K : 0x0F0F
28.12507: 12/02/2022 14:45:09.235 [be.lmenten.avr.core.instruction.InstructionSet.lambda$processOpcode$0] - [FINEST] -       d : 0x00F0
28.12508: 12/02/2022 14:45:09.235 [be.lmenten.avr.core.instruction.InstructionSet.init] - [FINER] - Processing instruction SBI
28.12509: 12/02/2022 14:45:09.235 [be.lmenten.avr.core.instruction.InstructionSet.processOpcode] - [FINEST] -    1001 1010 AAAA Abbb --> 0x9A00 0xFF00 ( 8 bits)   
28.12510: 12/02/2022 14:45:09.235 [be.lmenten.avr.core.instruction.InstructionSet.lambda$processOpcode$0] - [FINEST] -       A : 0x00F8
28.12511: 12/02/2022 14:45:09.235 [be.lmenten.avr.core.instruction.InstructionSet.lambda$processOpcode$0] - [FINEST] -       b : 0x0007
28.12512: 12/02/2022 14:45:09.235 [be.lmenten.avr.core.instruction.InstructionSet.init] - [FINER] - Processing instruction SBIC
28.12513: 12/02/2022 14:45:09.235 [be.lmenten.avr.core.instruction.InstructionSet.processOpcode] - [FINEST] -    1001 1001 AAAA Abbb --> 0x9900 0xFF00 ( 8 bits)   
28.12514: 12/02/2022 14:45:09.235 [be.lmenten.avr.core.instruction.InstructionSet.lambda$processOpcode$0] - [FINEST] -       A : 0x00F8
28.12515: 12/02/2022 14:45:09.235 [be.lmenten.avr.core.instruction.InstructionSet.lambda$processOpcode$0] - [FINEST] -       b : 0x0007
28.12516: 12/02/2022 14:45:09.235 [be.lmenten.avr.core.instruction.InstructionSet.init] - [FINER] - Processing instruction SBIS
28.12517: 12/02/2022 14:45:09.236 [be.lmenten.avr.core.instruction.InstructionSet.processOpcode] - [FINEST] -    1001 1011 AAAA Abbb --> 0x9B00 0xFF00 ( 8 bits)   
28.12518: 12/02/2022 14:45:09.236 [be.lmenten.avr.core.instruction.InstructionSet.lambda$processOpcode$0] - [FINEST] -       A : 0x00F8
28.12519: 12/02/2022 14:45:09.236 [be.lmenten.avr.core.instruction.InstructionSet.lambda$processOpcode$0] - [FINEST] -       b : 0x0007
28.12520: 12/02/2022 14:45:09.236 [be.lmenten.avr.core.instruction.InstructionSet.init] - [FINER] - Processing instruction SBIW
28.12521: 12/02/2022 14:45:09.236 [be.lmenten.avr.core.instruction.InstructionSet.processOpcode] - [FINEST] -    1001 0111 KKdd KKKK --> 0x9700 0xFF00 ( 8 bits)   
28.12522: 12/02/2022 14:45:09.236 [be.lmenten.avr.core.instruction.InstructionSet.lambda$processOpcode$0] - [FINEST] -       K : 0x00CF
28.12523: 12/02/2022 14:45:09.236 [be.lmenten.avr.core.instruction.InstructionSet.lambda$processOpcode$0] - [FINEST] -       d : 0x0030
28.12524: 12/02/2022 14:45:09.236 [be.lmenten.avr.core.instruction.InstructionSet.init] - [FINER] - Processing instruction SBR
28.12525: 12/02/2022 14:45:09.236 [be.lmenten.avr.core.instruction.InstructionSet.processOpcode] - [FINEST] -    0110 KKKK dddd KKKK --> 0x6000 0xF000 ( 4 bits)   [alias for ORI Rd, K]
28.12526: 12/02/2022 14:45:09.237 [be.lmenten.avr.core.instruction.InstructionSet.lambda$processOpcode$0] - [FINEST] -       K : 0x0F0F
28.12527: 12/02/2022 14:45:09.237 [be.lmenten.avr.core.instruction.InstructionSet.lambda$processOpcode$0] - [FINEST] -       d : 0x00F0
28.12528: 12/02/2022 14:45:09.237 [be.lmenten.avr.core.instruction.InstructionSet.init] - [FINER] - Processing instruction SBRC
28.12529: 12/02/2022 14:45:09.237 [be.lmenten.avr.core.instruction.InstructionSet.processOpcode] - [FINEST] -    1111 110r rrrr 0bbb --> 0xFC00 0xFE08 ( 8 bits)   
28.12530: 12/02/2022 14:45:09.237 [be.lmenten.avr.core.instruction.InstructionSet.lambda$processOpcode$0] - [FINEST] -       r : 0x01F0
28.12531: 12/02/2022 14:45:09.237 [be.lmenten.avr.core.instruction.InstructionSet.lambda$processOpcode$0] - [FINEST] -       b : 0x0007
28.12532: 12/02/2022 14:45:09.237 [be.lmenten.avr.core.instruction.InstructionSet.init] - [FINER] - Processing instruction SBRS
28.12533: 12/02/2022 14:45:09.237 [be.lmenten.avr.core.instruction.InstructionSet.processOpcode] - [FINEST] -    1111 111r rrrr 0bbb --> 0xFE00 0xFE08 ( 8 bits)   
28.12534: 12/02/2022 14:45:09.238 [be.lmenten.avr.core.instruction.InstructionSet.lambda$processOpcode$0] - [FINEST] -       r : 0x01F0
28.12535: 12/02/2022 14:45:09.238 [be.lmenten.avr.core.instruction.InstructionSet.lambda$processOpcode$0] - [FINEST] -       b : 0x0007
28.12536: 12/02/2022 14:45:09.238 [be.lmenten.avr.core.instruction.InstructionSet.init] - [FINER] - Processing instruction SEC
28.12537: 12/02/2022 14:45:09.238 [be.lmenten.avr.core.instruction.InstructionSet.processOpcode] - [FINEST] -    1001 0100 0000 1000 --> 0x9408 0xFFFF (16 bits)   [alias for BSET 0]
28.12538: 12/02/2022 14:45:09.238 [be.lmenten.avr.core.instruction.InstructionSet.init] - [FINER] - Processing instruction SEH
28.12539: 12/02/2022 14:45:09.238 [be.lmenten.avr.core.instruction.InstructionSet.processOpcode] - [FINEST] -    1001 0100 0101 1000 --> 0x9458 0xFFFF (16 bits)   [alias for BSET 5]
28.12540: 12/02/2022 14:45:09.238 [be.lmenten.avr.core.instruction.InstructionSet.init] - [FINER] - Processing instruction SEI
28.12541: 12/02/2022 14:45:09.238 [be.lmenten.avr.core.instruction.InstructionSet.processOpcode] - [FINEST] -    1001 0100 0111 1000 --> 0x9478 0xFFFF (16 bits)   [alias for BSET 7]
28.12542: 12/02/2022 14:45:09.238 [be.lmenten.avr.core.instruction.InstructionSet.init] - [FINER] - Processing instruction SEN
28.12543: 12/02/2022 14:45:09.238 [be.lmenten.avr.core.instruction.InstructionSet.processOpcode] - [FINEST] -    1001 0100 0010 1000 --> 0x9428 0xFFFF (16 bits)   [alias for BSET 2]
28.12544: 12/02/2022 14:45:09.238 [be.lmenten.avr.core.instruction.InstructionSet.init] - [FINER] - Processing instruction SER
28.12545: 12/02/2022 14:45:09.238 [be.lmenten.avr.core.instruction.InstructionSet.processOpcode] - [FINEST] -    1110 1111 dddd 1111 --> 0xEF0F 0xFF0F (12 bits)   [alias for LDI Rd, $FF]
28.12546: 12/02/2022 14:45:09.238 [be.lmenten.avr.core.instruction.InstructionSet.lambda$processOpcode$0] - [FINEST] -       d : 0x00F0
28.12547: 12/02/2022 14:45:09.239 [be.lmenten.avr.core.instruction.InstructionSet.init] - [FINER] - Processing instruction SES
28.12548: 12/02/2022 14:45:09.239 [be.lmenten.avr.core.instruction.InstructionSet.processOpcode] - [FINEST] -    1001 0100 0100 1000 --> 0x9448 0xFFFF (16 bits)   [alias for BSET 4]
28.12549: 12/02/2022 14:45:09.239 [be.lmenten.avr.core.instruction.InstructionSet.init] - [FINER] - Processing instruction SET
28.12550: 12/02/2022 14:45:09.239 [be.lmenten.avr.core.instruction.InstructionSet.processOpcode] - [FINEST] -    1001 0100 0110 1000 --> 0x9468 0xFFFF (16 bits)   [alias for BSET 6]
28.12551: 12/02/2022 14:45:09.239 [be.lmenten.avr.core.instruction.InstructionSet.init] - [FINER] - Processing instruction SEV
28.12552: 12/02/2022 14:45:09.239 [be.lmenten.avr.core.instruction.InstructionSet.processOpcode] - [FINEST] -    1001 0100 0011 1000 --> 0x9438 0xFFFF (16 bits)   [alias for BSET 3]
28.12553: 12/02/2022 14:45:09.239 [be.lmenten.avr.core.instruction.InstructionSet.init] - [FINER] - Processing instruction SEZ
28.12554: 12/02/2022 14:45:09.240 [be.lmenten.avr.core.instruction.InstructionSet.processOpcode] - [FINEST] -    1001 0100 0001 1000 --> 0x9418 0xFFFF (16 bits)   [alias for BSET 1]
28.12555: 12/02/2022 14:45:09.240 [be.lmenten.avr.core.instruction.InstructionSet.init] - [FINER] - Processing instruction SLEEP
28.12556: 12/02/2022 14:45:09.240 [be.lmenten.avr.core.instruction.InstructionSet.processOpcode] - [FINEST] -    1001 0101 1000 1000 --> 0x9588 0xFFFF (16 bits)   
28.12557: 12/02/2022 14:45:09.240 [be.lmenten.avr.core.instruction.InstructionSet.init] - [FINER] - Processing instruction SPM
28.12558: 12/02/2022 14:45:09.240 [be.lmenten.avr.core.instruction.InstructionSet.processOpcode] - [FINEST] -    1001 0101 111x 1000 --> 0x95E8 0xFFEF (15 bits)   
28.12559: 12/02/2022 14:45:09.240 [be.lmenten.avr.core.instruction.InstructionSet.lambda$processOpcode$0] - [FINEST] -       x : 0x0010
28.12560: 12/02/2022 14:45:09.240 [be.lmenten.avr.core.instruction.InstructionSet.init] - [FINER] - Processing instruction ST
28.12561: 12/02/2022 14:45:09.240 [be.lmenten.avr.core.instruction.InstructionSet.processOpcode] - [FINEST] -    1001 001r rrrr dddd --> 0x9200 0xFE00 ( 7 bits)   [alias for ST X|X+|-X | Y+|-Y | Z+|-Z, Rd]
28.12562: 12/02/2022 14:45:09.240 [be.lmenten.avr.core.instruction.InstructionSet.lambda$processOpcode$0] - [FINEST] -       d : 0x000F
28.12563: 12/02/2022 14:45:09.241 [be.lmenten.avr.core.instruction.InstructionSet.lambda$processOpcode$0] - [FINEST] -       r : 0x01F0
28.12564: 12/02/2022 14:45:09.241 [be.lmenten.avr.core.instruction.InstructionSet.init] - [FINER] - Processing instruction ST_X
28.12565: 12/02/2022 14:45:09.241 [be.lmenten.avr.core.instruction.InstructionSet.processOpcode] - [FINEST] -    1001 001r rrrr 1100 --> 0x920C 0xFE0F (11 bits)   
28.12566: 12/02/2022 14:45:09.241 [be.lmenten.avr.core.instruction.InstructionSet.lambda$processOpcode$0] - [FINEST] -       r : 0x01F0
28.12567: 12/02/2022 14:45:09.241 [be.lmenten.avr.core.instruction.InstructionSet.init] - [FINER] - Processing instruction ST_mX
28.12568: 12/02/2022 14:45:09.241 [be.lmenten.avr.core.instruction.InstructionSet.processOpcode] - [FINEST] -    1001 001r rrrr 1110 --> 0x920E 0xFE0F (11 bits)   
28.12569: 12/02/2022 14:45:09.241 [be.lmenten.avr.core.instruction.InstructionSet.lambda$processOpcode$0] - [FINEST] -       r : 0x01F0
28.12570: 12/02/2022 14:45:09.241 [be.lmenten.avr.core.instruction.InstructionSet.init] - [FINER] - Processing instruction ST_Xp
28.12571: 12/02/2022 14:45:09.241 [be.lmenten.avr.core.instruction.InstructionSet.processOpcode] - [FINEST] -    1001 001r rrrr 1101 --> 0x920D 0xFE0F (11 bits)   
28.12572: 12/02/2022 14:45:09.242 [be.lmenten.avr.core.instruction.InstructionSet.lambda$processOpcode$0] - [FINEST] -       r : 0x01F0
28.12573: 12/02/2022 14:45:09.242 [be.lmenten.avr.core.instruction.InstructionSet.init] - [FINER] - Processing instruction ST_mY
28.12574: 12/02/2022 14:45:09.242 [be.lmenten.avr.core.instruction.InstructionSet.processOpcode] - [FINEST] -    1001 001r rrrr 1010 --> 0x920A 0xFE0F (11 bits)   
28.12575: 12/02/2022 14:45:09.242 [be.lmenten.avr.core.instruction.InstructionSet.lambda$processOpcode$0] - [FINEST] -       r : 0x01F0
28.12576: 12/02/2022 14:45:09.242 [be.lmenten.avr.core.instruction.InstructionSet.init] - [FINER] - Processing instruction ST_Yp
28.12577: 12/02/2022 14:45:09.243 [be.lmenten.avr.core.instruction.InstructionSet.processOpcode] - [FINEST] -    1001 001r rrrr 1001 --> 0x9209 0xFE0F (11 bits)   
28.12578: 12/02/2022 14:45:09.243 [be.lmenten.avr.core.instruction.InstructionSet.lambda$processOpcode$0] - [FINEST] -       r : 0x01F0
28.12579: 12/02/2022 14:45:09.243 [be.lmenten.avr.core.instruction.InstructionSet.init] - [FINER] - Processing instruction ST_mZ
28.12580: 12/02/2022 14:45:09.243 [be.lmenten.avr.core.instruction.InstructionSet.processOpcode] - [FINEST] -    1001 001r rrrr 0010 --> 0x9202 0xFE0F (11 bits)   
28.12581: 12/02/2022 14:45:09.243 [be.lmenten.avr.core.instruction.InstructionSet.lambda$processOpcode$0] - [FINEST] -       r : 0x01F0
28.12582: 12/02/2022 14:45:09.243 [be.lmenten.avr.core.instruction.InstructionSet.init] - [FINER] - Processing instruction ST_Zp
28.12583: 12/02/2022 14:45:09.243 [be.lmenten.avr.core.instruction.InstructionSet.processOpcode] - [FINEST] -    1001 001r rrrr 0001 --> 0x9201 0xFE0F (11 bits)   
28.12584: 12/02/2022 14:45:09.244 [be.lmenten.avr.core.instruction.InstructionSet.lambda$processOpcode$0] - [FINEST] -       r : 0x01F0
28.12585: 12/02/2022 14:45:09.244 [be.lmenten.avr.core.instruction.InstructionSet.init] - [FINER] - Processing instruction STD
28.12586: 12/02/2022 14:45:09.244 [be.lmenten.avr.core.instruction.InstructionSet.processOpcode] - [FINEST] -    10q0 qq1r rrrr dqqq --> 0x8200 0xD200 ( 4 bits)   
28.12587: 12/02/2022 14:45:09.244 [be.lmenten.avr.core.instruction.InstructionSet.lambda$processOpcode$0] - [FINEST] -       d : 0x0008
28.12588: 12/02/2022 14:45:09.244 [be.lmenten.avr.core.instruction.InstructionSet.lambda$processOpcode$0] - [FINEST] -       r : 0x01F0
28.12589: 12/02/2022 14:45:09.244 [be.lmenten.avr.core.instruction.InstructionSet.lambda$processOpcode$0] - [FINEST] -       q : 0x2C07
28.12590: 12/02/2022 14:45:09.244 [be.lmenten.avr.core.instruction.InstructionSet.init] - [FINER] - Processing instruction STS16
28.12591: 12/02/2022 14:45:09.245 [be.lmenten.avr.core.instruction.InstructionSet.processOpcode] - [FINEST] -    1010 1kkk rrrr kkkk --> 0xA800 0xF800 ( 5 bits)   
28.12592: 12/02/2022 14:45:09.245 [be.lmenten.avr.core.instruction.InstructionSet.lambda$processOpcode$0] - [FINEST] -       k : 0x070F
28.12593: 12/02/2022 14:45:09.245 [be.lmenten.avr.core.instruction.InstructionSet.lambda$processOpcode$0] - [FINEST] -       r : 0x00F0
28.12594: 12/02/2022 14:45:09.245 [be.lmenten.avr.core.instruction.InstructionSet.init] - [FINER] - Processing instruction STS
28.12595: 12/02/2022 14:45:09.245 [be.lmenten.avr.core.instruction.InstructionSet.processOpcode] - [FINEST] -    1001 001r rrrr 0000 + --> 0x9200 0xFE0F (11 bits)   
28.12596: 12/02/2022 14:45:09.245 [be.lmenten.avr.core.instruction.InstructionSet.lambda$processOpcode$0] - [FINEST] -       r : 0x01F0
28.12597: 12/02/2022 14:45:09.245 [be.lmenten.avr.core.instruction.InstructionSet.init] - [FINER] - Processing instruction SUB
28.12598: 12/02/2022 14:45:09.245 [be.lmenten.avr.core.instruction.InstructionSet.processOpcode] - [FINEST] -    0001 10rd dddd rrrr --> 0x1800 0xFC00 ( 6 bits)   
28.12599: 12/02/2022 14:45:09.246 [be.lmenten.avr.core.instruction.InstructionSet.lambda$processOpcode$0] - [FINEST] -       d : 0x01F0
28.12600: 12/02/2022 14:45:09.246 [be.lmenten.avr.core.instruction.InstructionSet.lambda$processOpcode$0] - [FINEST] -       r : 0x020F
28.12601: 12/02/2022 14:45:09.246 [be.lmenten.avr.core.instruction.InstructionSet.init] - [FINER] - Processing instruction SUBI
28.12602: 12/02/2022 14:45:09.246 [be.lmenten.avr.core.instruction.InstructionSet.processOpcode] - [FINEST] -    0101 KKKK dddd KKKK --> 0x5000 0xF000 ( 4 bits)   
28.12603: 12/02/2022 14:45:09.246 [be.lmenten.avr.core.instruction.InstructionSet.lambda$processOpcode$0] - [FINEST] -       K : 0x0F0F
28.12604: 12/02/2022 14:45:09.246 [be.lmenten.avr.core.instruction.InstructionSet.lambda$processOpcode$0] - [FINEST] -       d : 0x00F0
28.12605: 12/02/2022 14:45:09.246 [be.lmenten.avr.core.instruction.InstructionSet.init] - [FINER] - Processing instruction SWAP
28.12606: 12/02/2022 14:45:09.246 [be.lmenten.avr.core.instruction.InstructionSet.processOpcode] - [FINEST] -    1001 001d dddd 0010 --> 0x9202 0xFE0F (11 bits)   
28.12607: 12/02/2022 14:45:09.246 [be.lmenten.avr.core.instruction.InstructionSet.lambda$processOpcode$0] - [FINEST] -       d : 0x01F0
28.12608: 12/02/2022 14:45:09.246 [be.lmenten.avr.core.instruction.InstructionSet.init] - [FINER] - Processing instruction TST
28.12609: 12/02/2022 14:45:09.246 [be.lmenten.avr.core.instruction.InstructionSet.processOpcode] - [FINEST] -    0010 00rd dddd rrrr --> 0x2000 0xFC00 ( 6 bits)   [alias for AND Rd, Rd]
28.12610: 12/02/2022 14:45:09.246 [be.lmenten.avr.core.instruction.InstructionSet.lambda$processOpcode$0] - [FINEST] -       d : 0x01F0
28.12611: 12/02/2022 14:45:09.246 [be.lmenten.avr.core.instruction.InstructionSet.lambda$processOpcode$0] - [FINEST] -       r : 0x020F
28.12612: 12/02/2022 14:45:09.247 [be.lmenten.avr.core.instruction.InstructionSet.init] - [FINER] - Processing instruction WDR
28.12613: 12/02/2022 14:45:09.247 [be.lmenten.avr.core.instruction.InstructionSet.processOpcode] - [FINEST] -    1001 0101 1010 1000 --> 0x95A8 0xFFFF (16 bits)   
28.12614: 12/02/2022 14:45:09.247 [be.lmenten.avr.core.instruction.InstructionSet.init] - [FINER] - Processing instruction XCH
28.12615: 12/02/2022 14:45:09.247 [be.lmenten.avr.core.instruction.InstructionSet.processOpcode] - [FINEST] -    1001 001d dddd 0100 --> 0x9204 0xFE0F (11 bits)   
28.12616: 12/02/2022 14:45:09.247 [be.lmenten.avr.core.instruction.InstructionSet.lambda$processOpcode$0] - [FINEST] -       d : 0x01F0
28.12617: 12/02/2022 14:45:09.247 [be.lmenten.avr.core.instruction.InstructionSet.init] - [FINER] - Processing instruction DATA
28.12618: 12/02/2022 14:45:09.247 [be.lmenten.avr.core.instruction.InstructionSet.init] - [FINE] - Sorting opcode list (137 entries)

	Parameters : 
		0: 137

28.12619: 12/02/2022 14:45:09.265 [be.lmenten.avr.core.CoreBase.<init>] - [INFO] - Core: ATmega2560
28.12620: 12/02/2022 14:45:09.266 [be.lmenten.avr.core.CoreBase.<init>] - [FINE] -  > features : EXTERNAL_SRAM, BOOT_LOADER
28.12621: 12/02/2022 14:45:09.266 [be.lmenten.avr.core.CoreBase.<init>] - [FINE] -  > fuse bytes : 3
28.12622: 12/02/2022 14:45:09.267 [be.lmenten.avr.core.CoreBase.lambda$new$0] - [FINER] -     > HIGH_BYTE=1001_1000 { OCDEN=1, JTAGEN=0, SPIEN=0, WDTON=1, EESAVE=1, BOOTSZ1=0, BOOTSZ0=0, BOOTRST=0} [initial=0x98]
28.12623: 12/02/2022 14:45:09.267 [be.lmenten.avr.core.CoreBase.lambda$new$0] - [FINER] -     > LOW_BYTE=0110_0010 { CKDIV8=0, CKOUT=1, SUT1=1, SUT0=0, CKSEL3=0, CKSEL2=0, CKSEL1=1, CKSEL0=0} [initial=0x62]
28.12624: 12/02/2022 14:45:09.267 [be.lmenten.avr.core.CoreBase.lambda$new$0] - [FINER] -     > EXTENDED_BYTE=1111_1111 { BODLEVEL2=1, BODLEVEL1=1, BODLEVEL0=1} [initial=0xFF]
28.12625: 12/02/2022 14:45:09.267 [be.lmenten.avr.core.CoreBase.<init>] - [FINE] -  > lockbits bytes : 1
28.12626: 12/02/2022 14:45:09.267 [be.lmenten.avr.core.CoreBase.lambda$new$1] - [FINER] -     > LOCKBITS=1111_1111 { BLB12=1, BLB11=1, BLB02=1, BLB01=1, LB2=1, LB1=1} [initial=0xFF]
28.12627: 12/02/2022 14:45:09.267 [be.lmenten.avr.core.CoreBase.<init>] - [INFO] - Flash size = 262144 bytes
28.12628: 12/02/2022 14:45:09.269 [be.lmenten.avr.core.CoreBase.<init>] - [FINE] -  > Application section: 0x000000 (258048 bytes)
28.12629: 12/02/2022 14:45:09.269 [be.lmenten.avr.core.CoreBase.<init>] - [FINE] -  > Boot loader section: 0x01F000 (4096 bytes)
28.12630: 12/02/2022 14:45:09.269 [be.lmenten.avr.core.CoreBase.<init>] - [INFO] - Internal sram size = 32+64+416+8192 = 8704 bytes
28.12631: 12/02/2022 14:45:09.270 [be.lmenten.avr.core.CoreBase.<init>] - [FINE] -  > 32 general registers
28.12632: 12/02/2022 14:45:09.270 [be.lmenten.avr.core.CoreBase.<init>] - [FINE] -  > 64 I/O registers
28.12633: 12/02/2022 14:45:09.271 [be.lmenten.avr.core.CoreBase.<init>] - [FINE] -  > 416 extended I/O registers
28.12634: 12/02/2022 14:45:09.272 [be.lmenten.avr.core.CoreBase.<init>] - [INFO] - ++ Loading external memory driver
28.12635: 12/02/2022 14:45:09.273 [be.lmenten.avr.core.driver.xmemory.ExternalMemoryDriver.<init>] - [INFO] -  > External memory size = null bytes
28.12636: 12/02/2022 14:45:09.273 [be.lmenten.avr.core.Core.registerDriver] - [INFO] - Registering driver 'externalRam-control'.
28.12637: 12/02/2022 14:45:09.274 [be.lmenten.avr.core.CoreBase.<init>] - [INFO] - ++ Loading eeprom driver
28.12638: 12/02/2022 14:45:09.275 [be.lmenten.avr.core.driver.eeprom.EepromDriver.<init>] - [INFO] -  > Eeprom size = 4096 bytes
28.12639: 12/02/2022 14:45:09.275 [be.lmenten.avr.core.Core.registerDriver] - [INFO] - Registering driver 'eeprom-control'.
28.12640: 12/02/2022 14:45:09.277 [be.lmenten.avr.core.Core.registerDriver] - [INFO] - Registering driver 'surveyor'.
28.12641: 12/02/2022 14:45:09.278 [be.lmenten.avr.core.Core.registerDriver] - [INFO] - Registering driver 'watchdog-control'.
28.12642: 12/02/2022 14:45:09.279 [be.lmenten.avr.core.CoreBaseImpl.loadFlash] - [INFO] - Loading Blink.2560.hex
28.12643: 12/02/2022 14:45:09.309 [be.lmenten.avr.core.CoreBaseImpl.loadFlash] - [FINE] -  > Lowest load address = 0x000000
28.12644: 12/02/2022 14:45:09.309 [be.lmenten.avr.core.CoreBaseImpl.loadFlash] - [FINE] -  > Highest load address = 0x0005A6
28.12645: 12/02/2022 14:45:09.309 [be.lmenten.avr.core.CoreBaseImpl.loadFlash] - [INFO] - Loaded 1448 bytes
28.12646: 12/02/2022 14:45:09.310 [be.lmenten.avr.core.CoreBaseImpl.installFakeBootLoader] - [INFO] - Installing fake bootloader
28.12647: 12/02/2022 14:45:09.310 [be.lmenten.avr.core.CoreBaseImpl.installFakeBootLoader] - [FINE] -  > Reset vector address = 0x000000
28.12648: 12/02/2022 14:45:09.310 [be.lmenten.avr.core.CoreBaseImpl.installFakeBootLoader] - [FINE] -  > Base address = 0x01F000
28.12649: 12/02/2022 14:45:09.310 [be.lmenten.avr.core.CoreBaseImpl.installFakeBootLoader] - [INFO] - Loaded 18 bytes
28.30315: 12/02/2022 14:45:18.924 [be.lmenten.avr.simulator.ui.AvrAssemblerStudioController.onEvent] - [INFO] - CoreEvent: STACK_OVERFLOW
28.35636: 12/02/2022 14:45:19.607 [be.lmenten.avr.simulator.ui.AvrAssemblerStudioController.onEvent] - [INFO] - CoreEvent: STACK_OVERFLOW
28.70674: 12/02/2022 14:45:44.247 [be.lmenten.avr.simulator.AvrAssemblerStudio.stop] - [INFO] - Finishing application ...
